<?xml version="1.0" encoding="UTF-8"?>
<testsuite name="InfrastructureManager.MasterTests" tests="5" skipped="0" failures="0" errors="0" timestamp="2020-08-07T12:29:10" hostname="LAPTOP-PN5JAMBO" time="0.007">
  <properties/>
  <testcase name="command1Test" classname="InfrastructureManager.MasterTests" time="0.001"/>
  <testcase name="command2Test" classname="InfrastructureManager.MasterTests" time="0.001"/>
  <testcase name="command3Test" classname="InfrastructureManager.MasterTests" time="0.0"/>
  <testcase name="command4Test" classname="InfrastructureManager.MasterTests" time="0.001"/>
  <testcase name="command5Test" classname="InfrastructureManager.MasterTests" time="0.0"/>
  <system-out><![CDATA[]]></system-out>
  <system-err><![CDATA[]]></system-err>
</testsuite>
