<?xml version="1.0" encoding="UTF-8"?>
<testsuite name="Tester" tests="2" skipped="0" failures="0" errors="0" timestamp="2020-08-03T13:05:41" hostname="LAPTOP-PN5JAMBO" time="0.002">
  <properties/>
  <testcase name="NullTest" classname="Tester" time="0.002"/>
  <testcase name="ContentTest" classname="Tester" time="0.0"/>
  <system-out><![CDATA[]]></system-out>
  <system-err><![CDATA[]]></system-err>
</testsuite>
